<?xml version="1.0" encoding="UTF-8"?>
<testsuite name="DeletionControlFlowTest" tests="2" skipped="0" failures="0" errors="0" timestamp="2025-11-29T17:29:49.137Z" hostname="Mac.lan" time="0.01">
  <properties/>
  <testcase name="testAccCloseFun_RemovesCorrectAccount()" classname="DeletionControlFlowTest" time="0.007"/>
  <testcase name="testAccCloseFun_NoCrashIfAccNotFound()" classname="DeletionControlFlowTest" time="0.003"/>
  <system-out><![CDATA[]]></system-out>
  <system-err><![CDATA[]]></system-err>
</testsuite>
