<?xml version="1.0" encoding="UTF-8"?>
<testsuite name="LoginControlFlowTest" tests="3" skipped="0" failures="0" errors="0" timestamp="2025-11-30T01:46:10.551Z" hostname="Mac.lan" time="0.006">
  <properties/>
  <testcase name="testLoginAuth_ValidCredentials()" classname="LoginControlFlowTest" time="0.003"/>
  <testcase name="testLoginAuth_AccountNotFound()" classname="LoginControlFlowTest" time="0.001"/>
  <testcase name="testLoginAuth_InvalidPassword()" classname="LoginControlFlowTest" time="0.002"/>
  <system-out><![CDATA[]]></system-out>
  <system-err><![CDATA[]]></system-err>
</testsuite>
