<?xml version="1.0" encoding="UTF-8"?>
<testsuite name="DeletionTest" tests="5" skipped="0" failures="0" errors="0" timestamp="2025-11-24T16:34:34.174Z" hostname="Nikkolass-MacBook-Pro.local" time="0.033">
  <properties/>
  <testcase name="testAccCloseFun_UserEntersNumberThatIsNot1_MinMinus1" classname="DeletionTest" time="0.021"/>
  <testcase name="testAccCloseFun_UserEntersNumberThatIsNot1_MaxPlus1" classname="DeletionTest" time="0.002"/>
  <testcase name="testAccCloseFun_UserWantsToDeleteAcc_Types1_Min" classname="DeletionTest" time="0.001"/>
  <testcase name="testAccCloseFun_UserDoesntWantToDeleteAcc_Types2_Max" classname="DeletionTest" time="0.005"/>
  <testcase name="testDelLine_FileExists" classname="DeletionTest" time="0.003"/>
  <system-out><![CDATA[Are you sure want to delete your account?
Type 1: Yes
Type 2: No
Incorrect! Choose a valid option again.

Are you sure want to delete your account?
Type 1: Yes
Type 2: No
Are you sure want to delete your account?
Type 1: Yes
Type 2: No
Incorrect! Choose a valid option again.

Are you sure want to delete your account?
Type 1: Yes
Type 2: No
Are you sure want to delete your account?
Type 1: Yes
Type 2: No
Are you sure want to delete your account?
Type 1: Yes
Type 2: No
┌────────────────────────────┐
│           Menu:            │
│                            │
│ Type 1: Balance Inquiry    │
│ Type 2: Account Details    │
│ Type 3: Fund Transfer      │
│ Type 4: Bank Statement     │
│ Type 5: Account Closure    │
│ Type 6: Log out            │
│ Type 7: Exit               │
└────────────────────────────┘
]]></system-out>
  <system-err><![CDATA[]]></system-err>
</testsuite>
