<?xml version="1.0" encoding="UTF-8"?>
<testsuite name="MainTest" tests="4" skipped="0" failures="0" errors="0" timestamp="2025-11-27T19:24:00.431Z" hostname="Mac.lan" time="0.011">
  <properties/>
  <testcase name="Intro_Max" classname="MainTest" time="0.004"/>
  <testcase name="Intro_Min" classname="MainTest" time="0.003"/>
  <testcase name="Intro_JustAboveMax" classname="MainTest" time="0.002"/>
  <testcase name="Intro_JustBelowMin" classname="MainTest" time="0.001"/>
  <system-out><![CDATA[┌───────────────────────────────┐
│ Welcome to SawOnGam Bank Ltd. │
├───────────────────────────────┤
│ Type 1: Login                 │
│ Type 2: Create Account        │
└───────────────────────────────┘
Enter your Name: 
┌───────────────────────────────┐
│ Welcome to SawOnGam Bank Ltd. │
├───────────────────────────────┤
│ Type 1: Login                 │
│ Type 2: Create Account        │
└───────────────────────────────┘
Enter your Account Number: ┌───────────────────────────────┐
│ Welcome to SawOnGam Bank Ltd. │
├───────────────────────────────┤
│ Type 1: Login                 │
│ Type 2: Create Account        │
└───────────────────────────────┘
Incorrect! Choose a valid option again.
┌───────────────────────────────┐
│ Welcome to SawOnGam Bank Ltd. │
├───────────────────────────────┤
│ Type 1: Login                 │
│ Type 2: Create Account        │
└───────────────────────────────┘
┌───────────────────────────────┐
│ Welcome to SawOnGam Bank Ltd. │
├───────────────────────────────┤
│ Type 1: Login                 │
│ Type 2: Create Account        │
└───────────────────────────────┘
Incorrect! Choose a valid option again.
┌───────────────────────────────┐
│ Welcome to SawOnGam Bank Ltd. │
├───────────────────────────────┤
│ Type 1: Login                 │
│ Type 2: Create Account        │
└───────────────────────────────┘
]]></system-out>
  <system-err><![CDATA[]]></system-err>
</testsuite>
