<?xml version="1.0" encoding="UTF-8"?>
<testsuite name="DataFlowTests" tests="30" skipped="0" failures="0" errors="0" timestamp="2025-11-30T00:52:35.868Z" hostname="Mac.lan" time="0.064">
  <properties/>
  <testcase name="Testdetail_T3_AccountDetails" classname="DataFlowTests" time="0.007"/>
  <testcase name="TesttRemarks_T4_Transaction" classname="DataFlowTests" time="0.009"/>
  <testcase name="TestFile_T1_Deletion" classname="DataFlowTests" time="0.001"/>
  <testcase name="TestFile_T1_Login" classname="DataFlowTests" time="0.007"/>
  <testcase name="TestFile_T1_AccountDetails" classname="DataFlowTests" time="0.002"/>
  <testcase name="TesttRemarks_T3_Transaction" classname="DataFlowTests" time="0.0"/>
  <testcase name="TestFile_T3_Transaction" classname="DataFlowTests" time="0.001"/>
  <testcase name="Testdetail_T2_AccountDetails" classname="DataFlowTests" time="0.001"/>
  <testcase name="TesttRemarks_T2_Transaction" classname="DataFlowTests" time="0.001"/>
  <testcase name="TestFile_T2_Transaction" classname="DataFlowTests" time="0.0"/>
  <testcase name="TestFile_T1_BalanceInquiry" classname="DataFlowTests" time="0.002"/>
  <testcase name="TestfullnameArr_T5_Creation" classname="DataFlowTests" time="0.006"/>
  <testcase name="TesttRemarks_T1_Transaction" classname="DataFlowTests" time="0.003"/>
  <testcase name="TestFile_T1_Transaction" classname="DataFlowTests" time="0.0"/>
  <testcase name="TestfullnameArr_T4_Creation" classname="DataFlowTests" time="0.001"/>
  <testcase name="Testdetail_T1_AccountDetails" classname="DataFlowTests" time="0.002"/>
  <testcase name="TestfullnameArr_T3_Creation" classname="DataFlowTests" time="0.004"/>
  <testcase name="TestFile_T1_Creation" classname="DataFlowTests" time="0.0"/>
  <testcase name="TestfullnameArr_T2_Creation" classname="DataFlowTests" time="0.001"/>
  <testcase name="TestfullnameArr_T1_Creation" classname="DataFlowTests" time="0.0"/>
  <testcase name="Testdetail_T8_AccountDetails" classname="DataFlowTests" time="0.0"/>
  <testcase name="Testdetail_T7_AccountDetails" classname="DataFlowTests" time="0.003"/>
  <testcase name="TestFile_T1_BankStatment" classname="DataFlowTests" time="0.002"/>
  <testcase name="TestaccBalance_T3_BalanceInquiry" classname="DataFlowTests" time="0.001"/>
  <testcase name="Testdetail_T6_AccountDetails" classname="DataFlowTests" time="0.0"/>
  <testcase name="TestaccBalance_T2_BalanceInquiry" classname="DataFlowTests" time="0.001"/>
  <testcase name="Testdetail_T5_AccountDetails" classname="DataFlowTests" time="0.0"/>
  <testcase name="TestaccBalance_T1_BalanceInquiry" classname="DataFlowTests" time="0.002"/>
  <testcase name="Testdetail_T4_AccountDetails" classname="DataFlowTests" time="0.001"/>
  <testcase name="TesttRemarks_T5_Transaction" classname="DataFlowTests" time="0.0"/>
  <system-out><![CDATA[Login Successful!!

┌────────────────────────────┐
│           Menu:            │
│                            │
│ Type 1: Balance Inquiry    │
│ Type 2: Account Details    │
│ Type 3: Fund Transfer      │
│ Type 4: Bank Statement     │
│ Type 5: Account Closure    │
│ Type 6: Log out            │
│ Type 7: Exit               │
└────────────────────────────┘
Logged out successfully!
┌───────────────────────────────┐
│ Welcome to SawOnGam Bank Ltd. │
├───────────────────────────────┤
│ Type 1: Login                 │
│ Type 2: Create Account        │
└───────────────────────────────┘
Account Details: 
┌────────────────────────────────┐
  Full Name: John Doe
  Account Number: 1
  Gender: M
  Address: 123_Main_St
  Date of Birth: 01/01/1990
  Phone number: 555-5555
  Email: john@example.com
  Identification: ID123
└────────────────────────────────┘

Press Enter key to continue...
┌────────────────────────────┐
│           Menu:            │
│                            │
│ Type 1: Balance Inquiry    │
│ Type 2: Account Details    │
│ Type 3: Fund Transfer      │
│ Type 4: Bank Statement     │
│ Type 5: Account Closure    │
│ Type 6: Log out            │
│ Type 7: Exit               │
└────────────────────────────┘
┌───────────────────────────────┐
  Your current balance is $5000   
└───────────────────────────────┘
Press Enter key to continue...
┌────────────────────────────┐
│           Menu:            │
│                            │
│ Type 1: Balance Inquiry    │
│ Type 2: Account Details    │
│ Type 3: Fund Transfer      │
│ Type 4: Bank Statement     │
│ Type 5: Account Closure    │
│ Type 6: Log out            │
│ Type 7: Exit               │
└────────────────────────────┘
Enter your Name: 
Please provide both first name and last name.
Enter your Name: 
Receiver's Account Number: 
Amount: 
Remarks: 


Enter your Name: 
Please provide both first name and last name.
Enter your Name: 
Account Details: 
┌────────────────────────────────┐
  Full Name: John Doe
  Account Number: 1
  Gender: M
  Address: 123_Main_St
  Date of Birth: 01/01/1990
  Phone number: 555-5555
  Email: john@example.com
  Identification: ID123
└────────────────────────────────┘

Press Enter key to continue...
┌────────────────────────────┐
│           Menu:            │
│                            │
│ Type 1: Balance Inquiry    │
│ Type 2: Account Details    │
│ Type 3: Fund Transfer      │
│ Type 4: Bank Statement     │
│ Type 5: Account Closure    │
│ Type 6: Log out            │
│ Type 7: Exit               │
└────────────────────────────┘
Enter your Name: 
Enter your Date of Birth (YYYY-MM-DD): 
Enter your Gender: 
Enter your Address: 
Enter your Phone Number: 
Enter your Email: 
Enter your Citizenship Number: 
Create a Password for your Account: 
Enter your Name: 
Enter your Date of Birth (YYYY-MM-DD): 
Enter your Gender: 
Enter your Address: 
Enter your Phone Number: 
Enter your Email: 
Enter your Citizenship Number: 
Create a Password for your Account: 
Enter your Name: 
Enter your Date of Birth (YYYY-MM-DD): 
Enter your Gender: 
Enter your Address: 
Enter your Phone Number: 
Enter your Email: 
Enter your Citizenship Number: 
Create a Password for your Account: 
Account Details: 
┌────────────────────────────────┐
  Full Name: John Doe
  Account Number: 1
  Gender: M
  Address: 123_Main_St
  Date of Birth: 01/01/1990
  Phone number: 555-5555
  Email: john@example.com
  Identification: ID123
└────────────────────────────────┘

Press Enter key to continue...
┌────────────────────────────┐
│           Menu:            │
│                            │
│ Type 1: Balance Inquiry    │
│ Type 2: Account Details    │
│ Type 3: Fund Transfer      │
│ Type 4: Bank Statement     │
│ Type 5: Account Closure    │
│ Type 6: Log out            │
│ Type 7: Exit               │
└────────────────────────────┘
No Transaction found!

Press Enter key to continue...
┌────────────────────────────┐
│           Menu:            │
│                            │
│ Type 1: Balance Inquiry    │
│ Type 2: Account Details    │
│ Type 3: Fund Transfer      │
│ Type 4: Bank Statement     │
│ Type 5: Account Closure    │
│ Type 6: Log out            │
│ Type 7: Exit               │
└────────────────────────────┘
┌───────────────────────────────┐
  Your current balance is $5000   
└───────────────────────────────┘
Press Enter key to continue...
┌────────────────────────────┐
│           Menu:            │
│                            │
│ Type 1: Balance Inquiry    │
│ Type 2: Account Details    │
│ Type 3: Fund Transfer      │
│ Type 4: Bank Statement     │
│ Type 5: Account Closure    │
│ Type 6: Log out            │
│ Type 7: Exit               │
└────────────────────────────┘
Account Details: 
┌────────────────────────────────┐
  Full Name: John Doe
  Account Number: 1
  Gender: M
  Address: 123_Main_St
  Date of Birth: 01/01/1990
  Phone number: 555-5555
  Email: john@example.com
  Identification: ID123
└────────────────────────────────┘

Press Enter key to continue...
┌────────────────────────────┐
│           Menu:            │
│                            │
│ Type 1: Balance Inquiry    │
│ Type 2: Account Details    │
│ Type 3: Fund Transfer      │
│ Type 4: Bank Statement     │
│ Type 5: Account Closure    │
│ Type 6: Log out            │
│ Type 7: Exit               │
└────────────────────────────┘
]]></system-out>
  <system-err><![CDATA[]]></system-err>
</testsuite>
